<?xml version="1.0" encoding="UTF-8"?>
<testng-results ignored="0" total="0" passed="0" failed="0" skipped="0">
  <reporter-output>
  </reporter-output>
  <suite started-at="2022-01-02T10:19:45 EST" name="Command line suite" finished-at="2022-01-02T10:19:56 EST" duration-ms="11216">
    <groups>
    </groups>
    <test started-at="2022-01-02T10:19:45 EST" name="Command line test" finished-at="2022-01-02T10:19:56 EST" duration-ms="11216">
    </test> <!-- Command line test -->
  </suite> <!-- Command line suite -->
</testng-results>
