<?xml version="1.0" encoding="UTF-8"?>
<testng-results ignored="0" total="1" passed="1" failed="0" skipped="0">
  <reporter-output>
  </reporter-output>
  <suite started-at="2022-01-02T09:59:46 EST" name="Default suite" finished-at="2022-01-02T09:59:46 EST" duration-ms="39">
    <groups>
    </groups>
    <test started-at="2022-01-02T09:59:46 EST" name="Default test" finished-at="2022-01-02T09:59:46 EST" duration-ms="39">
      <class name="bdd.APIFramework.AppTest">
        <test-method signature="shouldAnswerWithTrue()[pri:0, instance:bdd.APIFramework.AppTest@7880cdf3]" started-at="2022-01-02T09:59:46 EST" name="shouldAnswerWithTrue" finished-at="2022-01-02T09:59:46 EST" duration-ms="7" status="PASS">
          <reporter-output>
          </reporter-output>
        </test-method> <!-- shouldAnswerWithTrue -->
      </class> <!-- bdd.APIFramework.AppTest -->
    </test> <!-- Default test -->
  </suite> <!-- Default suite -->
</testng-results>
